<?xml version="1.0" encoding="UTF-8"?>
<!-- Generated by org.testng.reporters.JUnitXMLReporter -->
<testsuite ignored="0" hostname="abhishekrb" failures="0" tests="1" name="EdgeTest" time="53.173" errors="0" timestamp="2023-09-16T12:32:43 IST">
  <testcase classname="pomClassUingTestNG.PolicyBazaar_PCTest" name="@BeforeMethod logintoPB" time="11.079">
    <failure type="org.openqa.selenium.NoSuchElementException" message="no such element: Unable to locate element: {&amp;quot;method&amp;quot;:&amp;quot;xpath&amp;quot;,&amp;quot;selector&amp;quot;:&amp;quot;//input[@type=&amp;apos;password&amp;apos;]&amp;quot;}
  (Session info: MicrosoftEdge=109.0.1518.140)
For documentation on this error, please visit: https://selenium.dev/exceptions/#no_such_element
Build info: version: &amp;apos;4.8.3&amp;apos;, revision: &amp;apos;b19b418e60&amp;apos;
System info: os.name: &amp;apos;Windows 8.1&amp;apos;, os.arch: &amp;apos;amd64&amp;apos;, os.version: &amp;apos;6.3&amp;apos;, java.version: &amp;apos;17.0.6&amp;apos;
Driver info: org.openqa.selenium.edge.EdgeDriver
Command: [0c3182f028d5ebc4c7641103822414de, findElement {using=xpath, value=//input[@type=&amp;apos;password&amp;apos;]}]
Capabilities {acceptInsecureCerts: false, browserName: msedge, browserVersion: 109.0.1518.140, ms:edgeOptions: {debuggerAddress: localhost:49433}, msedge: {msedgedriverVersion: 109.0.1518.78 (4e4b32c38163..., userDataDir: C:\Users\Abhishek\AppData\L...}, networkConnectionEnabled: false, pageLoadStrategy: normal, platformName: WINDOWS, proxy: Proxy(), se:cdp: ws://localhost:49433/devtoo..., se:cdpVersion: 109.0.1518.140, setWindowRect: true, strictFileInteractability: false, timeouts: {implicit: 0, pageLoad: 300000, script: 30000}, unhandledPromptBehavior: dismiss and notify, webauthn:extension:credBlob: true, webauthn:extension:largeBlob: true, webauthn:virtualAuthenticators: true}
Session ID: 0c3182f028d5ebc4c7641103822414de">
      <![CDATA[org.openqa.selenium.NoSuchElementException: no such element: Unable to locate element: {"method":"xpath","selector":"//input[@type='password']"}
  (Session info: MicrosoftEdge=109.0.1518.140)
For documentation on this error, please visit: https://selenium.dev/exceptions/#no_such_element
Build info: version: '4.8.3', revision: 'b19b418e60'
System info: os.name: 'Windows 8.1', os.arch: 'amd64', os.version: '6.3', java.version: '17.0.6'
Driver info: org.openqa.selenium.edge.EdgeDriver
Command: [0c3182f028d5ebc4c7641103822414de, findElement {using=xpath, value=//input[@type='password']}]
Capabilities {acceptInsecureCerts: false, browserName: msedge, browserVersion: 109.0.1518.140, ms:edgeOptions: {debuggerAddress: localhost:49433}, msedge: {msedgedriverVersion: 109.0.1518.78 (4e4b32c38163..., userDataDir: C:\Users\Abhishek\AppData\L...}, networkConnectionEnabled: false, pageLoadStrategy: normal, platformName: WINDOWS, proxy: Proxy(), se:cdp: ws://localhost:49433/devtoo..., se:cdpVersion: 109.0.1518.140, setWindowRect: true, strictFileInteractability: false, timeouts: {implicit: 0, pageLoad: 300000, script: 30000}, unhandledPromptBehavior: dismiss and notify, webauthn:extension:credBlob: true, webauthn:extension:largeBlob: true, webauthn:virtualAuthenticators: true}
Session ID: 0c3182f028d5ebc4c7641103822414de
at org.openqa.selenium.remote.codec.w3c.W3CHttpResponseCodec.createException(W3CHttpResponseCodec.java:200)
at org.openqa.selenium.remote.codec.w3c.W3CHttpResponseCodec.decode(W3CHttpResponseCodec.java:133)
at org.openqa.selenium.remote.codec.w3c.W3CHttpResponseCodec.decode(W3CHttpResponseCodec.java:53)
at org.openqa.selenium.remote.HttpCommandExecutor.execute(HttpCommandExecutor.java:193)
at org.openqa.selenium.remote.service.DriverCommandExecutor.invokeExecute(DriverCommandExecutor.java:183)
at org.openqa.selenium.remote.service.DriverCommandExecutor.execute(DriverCommandExecutor.java:158)
at org.openqa.selenium.remote.RemoteWebDriver.execute(RemoteWebDriver.java:543)
at org.openqa.selenium.remote.ElementLocation$ElementFinder$2.findElement(ElementLocation.java:162)
at org.openqa.selenium.remote.ElementLocation.findElement(ElementLocation.java:60)
at org.openqa.selenium.remote.RemoteWebDriver.findElement(RemoteWebDriver.java:352)
at org.openqa.selenium.remote.RemoteWebDriver.findElement(RemoteWebDriver.java:344)
at org.openqa.selenium.support.pagefactory.DefaultElementLocator.findElement(DefaultElementLocator.java:70)
at org.openqa.selenium.support.pagefactory.internal.LocatingElementHandler.invoke(LocatingElementHandler.java:39)
at jdk.proxy2/jdk.proxy2.$Proxy19.sendKeys(Unknown Source)
at pomClassUingTestNG.Login_PC.EnterPasswrd(Login_PC.java:44)
at pomClassUingTestNG.PolicyBazaar_PCTest.logintoPB(PolicyBazaar_PCTest.java:79)
at java.base/java.util.ArrayList.forEach(ArrayList.java:1511)
... Removed 36 stack frames]]>
    </failure>
  </testcase> <!-- @BeforeMethod logintoPB -->
  <testcase classname="pomClassUingTestNG.PolicyBazaar_PCTest" name="@AfterMethod logginoutFromPB" time="0.0">
    <skipped/>
  </testcase> <!-- @AfterMethod logginoutFromPB -->
  <testcase classname="pomClassUingTestNG.PolicyBazaar_PCTest" name="@AfterClass ClosingWindow" time="0.0">
    <skipped/>
  </testcase> <!-- @AfterClass ClosingWindow -->
  <testcase classname="pomClassUingTestNG.PolicyBazaar_PCTest" name="f" time="0.0">
    <skipped/>
  </testcase> <!-- f -->
</testsuite> <!-- EdgeTest -->
